<?xml version="1.0" encoding="UTF-8"?>
<!-- Generated by org.testng.reporters.JUnitReportReporter -->
<testsuite skipped="0" hostname="FWS-CHE-LT-5617" name="week3.day1.KeyboardActions" tests="1" failures="0" timestamp="2023-01-28T11:17:21 IST" time="9.112" errors="0">
  <testcase name="keyboard_actions" time="9.112" classname="week3.day1.KeyboardActions"/>
  <system-out/>
</testsuite> <!-- week3.day1.KeyboardActions -->
