<?xml version="1.0" encoding="UTF-8"?>
<!-- Generated by org.testng.reporters.JUnitReportReporter -->
<testsuite skipped="0" hostname="FWS-CHE-LT-5617" name="week3.day1.HandleWindow" tests="1" failures="0" timestamp="2023-01-28T09:54:08 IST" time="13.095" errors="0">
  <testcase name="handle_window" time="13.095" classname="week3.day1.HandleWindow"/>
  <system-out/>
</testsuite> <!-- week3.day1.HandleWindow -->
