<?xml version="1.0" encoding="UTF-8"?>
<!-- Generated by org.testng.reporters.JUnitReportReporter -->
<testsuite skipped="0" hostname="FWS-CHE-LT-5617" name="week2.day2.HandleFrames" tests="1" failures="0" timestamp="2023-01-22T11:58:16 IST" time="10.923" errors="0">
  <testcase name="handle_frames" time="10.923" classname="week2.day2.HandleFrames"/>
  <system-out/>
</testsuite> <!-- week2.day2.HandleFrames -->
