<?xml version="1.0" encoding="UTF-8"?>
<!-- Generated by org.testng.reporters.JUnitReportReporter -->
<testsuite skipped="0" hostname="FWS-CHE-LT-5617" name="week2.day1.WIndowsAuth" tests="1" failures="0" timestamp="2023-01-21T12:00:02 IST" time="18.547" errors="0">
  <testcase name="browser_actions" time="18.547" classname="week2.day1.WIndowsAuth"/>
  <system-out/>
</testsuite> <!-- week2.day1.WIndowsAuth -->
