<?xml version="1.0" encoding="UTF-8"?>
<!-- Generated by org.testng.reporters.JUnitReportReporter -->
<testsuite skipped="0" hostname="FWS-CHE-LT-5617" name="week3.day2.FileUpload" tests="1" failures="0" timestamp="2023-01-29T09:39:34 IST" time="12.431" errors="0">
  <testcase name="file_upload" time="12.431" classname="week3.day2.FileUpload"/>
  <system-out/>
</testsuite> <!-- week3.day2.FileUpload -->
