<?xml version="1.0" encoding="UTF-8"?>
<!-- Generated by org.testng.reporters.JUnitReportReporter -->
<testsuite skipped="0" hostname="FWS-CHE-LT-5617" name="week3.day2.LearnTraceViewer" tests="1" failures="0" timestamp="2023-01-29T12:03:57 IST" time="41.519" errors="0">
  <testcase name="get_network_data" time="41.519" classname="week3.day2.LearnTraceViewer"/>
  <system-out/>
</testsuite> <!-- week3.day2.LearnTraceViewer -->
