<?xml version="1.0" encoding="UTF-8"?>
<!-- Generated by org.testng.reporters.JUnitReportReporter -->
<testsuite skipped="0" hostname="FWS-CHE-LT-5617" name="week2.day1.DeleteLead" tests="1" failures="0" timestamp="2023-01-21T11:00:45 IST" time="13.619" errors="0">
  <testcase name="deleteLead" time="13.619" classname="week2.day1.DeleteLead"/>
  <system-out/>
</testsuite> <!-- week2.day1.DeleteLead -->
