<?xml version="1.0" encoding="UTF-8"?>
<!-- Generated by org.testng.reporters.JUnitReportReporter -->
<testsuite skipped="0" hostname="FWS-CHE-LT-5617" name="week1.day2.LearnAlert" tests="1" failures="0" timestamp="2023-01-20T19:15:46 IST" time="126.958" errors="0">
  <testcase name="learnAlert" time="126.958" classname="week1.day2.LearnAlert"/>
  <system-out/>
</testsuite> <!-- week1.day2.LearnAlert -->
