<?xml version="1.0" encoding="UTF-8"?>
<!-- Generated by org.testng.reporters.JUnitReportReporter -->
<testsuite skipped="0" hostname="FWS-CHE-LT-5617" name="week3.day1.GeoLocation" tests="1" failures="0" timestamp="2023-01-29T07:27:00 IST" time="25.124" errors="0">
  <testcase name="geo_location" time="25.124" classname="week3.day1.GeoLocation"/>
  <system-out/>
</testsuite> <!-- week3.day1.GeoLocation -->
