<?xml version="1.0" encoding="UTF-8"?>
<!-- Generated by org.testng.reporters.JUnitReportReporter -->
<testsuite skipped="0" hostname="FWS-CHE-LT-5617" name="week2.day2.HandleDropDowns" tests="1" failures="0" timestamp="2023-01-22T12:00:30 IST" time="13.486" errors="1">
  <testcase name="browser_actions" time="13.486" classname="week2.day2.HandleDropDowns">
    <error type="com.microsoft.playwright.PlaywrightException" message="Error {
  message=&#039;Target closed
=========================== logs ===========================
waiting for selector &quot;role=link[name=&#039;Leads&#039;]&quot;
============================================================
  name=&#039;Error
  stack=&#039;Error: Target closed
=========================== logs ===========================
waiting for selector &quot;role=link[name=&#039;Leads&#039;]&quot;
============================================================
    at /private/var/folders/3v/659ctxy95kg4r6ddlr1y64gr0000gq/T/playwright-java-6525646583487996953/package/lib/server/chromium/crConnection.js:206:16
    at new Promise (&lt;anonymous&gt;)
    at CRSession.send (/private/var/folders/3v/659ctxy95kg4r6ddlr1y64gr0000gq/T/playwright-java-6525646583487996953/package/lib/server/chromium/crConnection.js:202:12)
    at CRExecutionContext.evaluateWithArguments (/private/var/folders/3v/659ctxy95kg4r6ddlr1y64gr0000gq/T/playwright-java-6525646583487996953/package/lib/server/chromium/crExecutionContext.js:89:28)
    at FrameExecutionContext.evaluateWithArguments (/private/var/folders/3v/659ctxy95kg4r6ddlr1y64gr0000gq/T/playwright-java-6525646583487996953/package/lib/server/javascript.js:73:61)
    at evaluateExpression (/private/var/folders/3v/659ctxy95kg4r6ddlr1y64gr0000gq/T/playwright-java-6525646583487996953/package/lib/server/javascript.js:264:26)
    at async InjectedScriptPollHandler.finishHandle (/private/var/folders/3v/659ctxy95kg4r6ddlr1y64gr0000gq/T/playwright-java-6525646583487996953/package/lib/server/dom.js:1030:22)
    at async RerunnableTask.rerun (/private/var/folders/3v/659ctxy95kg4r6ddlr1y64gr0000gq/T/playwright-java-6525646583487996953/package/lib/server/frames.js:1883:73)
}">
      <![CDATA[com.microsoft.playwright.PlaywrightException: Error {
  message='Target closed
=========================== logs ===========================
waiting for selector "role=link[name='Leads']"
============================================================
  name='Error
  stack='Error: Target closed
=========================== logs ===========================
waiting for selector "role=link[name='Leads']"
============================================================
    at /private/var/folders/3v/659ctxy95kg4r6ddlr1y64gr0000gq/T/playwright-java-6525646583487996953/package/lib/server/chromium/crConnection.js:206:16
    at new Promise (<anonymous>)
    at CRSession.send (/private/var/folders/3v/659ctxy95kg4r6ddlr1y64gr0000gq/T/playwright-java-6525646583487996953/package/lib/server/chromium/crConnection.js:202:12)
    at CRExecutionContext.evaluateWithArguments (/private/var/folders/3v/659ctxy95kg4r6ddlr1y64gr0000gq/T/playwright-java-6525646583487996953/package/lib/server/chromium/crExecutionContext.js:89:28)
    at FrameExecutionContext.evaluateWithArguments (/private/var/folders/3v/659ctxy95kg4r6ddlr1y64gr0000gq/T/playwright-java-6525646583487996953/package/lib/server/javascript.js:73:61)
    at evaluateExpression (/private/var/folders/3v/659ctxy95kg4r6ddlr1y64gr0000gq/T/playwright-java-6525646583487996953/package/lib/server/javascript.js:264:26)
    at async InjectedScriptPollHandler.finishHandle (/private/var/folders/3v/659ctxy95kg4r6ddlr1y64gr0000gq/T/playwright-java-6525646583487996953/package/lib/server/dom.js:1030:22)
    at async RerunnableTask.rerun (/private/var/folders/3v/659ctxy95kg4r6ddlr1y64gr0000gq/T/playwright-java-6525646583487996953/package/lib/server/frames.js:1883:73)
}
at com.microsoft.playwright.impl.WaitableResult.get(WaitableResult.java:54)
at com.microsoft.playwright.impl.ChannelOwner.runUntil(ChannelOwner.java:111)
at com.microsoft.playwright.impl.Connection.sendMessage(Connection.java:113)
at com.microsoft.playwright.impl.ChannelOwner.sendMessage(ChannelOwner.java:102)
at com.microsoft.playwright.impl.FrameImpl.clickImpl(FrameImpl.java:256)
at com.microsoft.playwright.impl.FrameImpl.lambda$click$9(FrameImpl.java:247)
at com.microsoft.playwright.impl.LoggingSupport.lambda$withLogging$0(LoggingSupport.java:36)
at com.microsoft.playwright.impl.LoggingSupport.withLogging(LoggingSupport.java:47)
at com.microsoft.playwright.impl.ChannelOwner.withLogging(ChannelOwner.java:87)
at com.microsoft.playwright.impl.LoggingSupport.withLogging(LoggingSupport.java:35)
at com.microsoft.playwright.impl.FrameImpl.click(FrameImpl.java:247)
at com.microsoft.playwright.impl.LocatorImpl.click(LocatorImpl.java:93)
at com.microsoft.playwright.Locator.click(Locator.java:1951)
at week2.day2.HandleDropDowns.browser_actions(HandleDropDowns.java:31)
at sun.reflect.NativeMethodAccessorImpl.invoke0(Native Method)
at sun.reflect.NativeMethodAccessorImpl.invoke(NativeMethodAccessorImpl.java:62)
at sun.reflect.DelegatingMethodAccessorImpl.invoke(DelegatingMethodAccessorImpl.java:43)
at java.lang.reflect.Method.invoke(Method.java:498)
at org.testng.internal.MethodInvocationHelper.invokeMethod(MethodInvocationHelper.java:133)
at org.testng.internal.TestInvoker.invokeMethod(TestInvoker.java:598)
at org.testng.internal.TestInvoker.invokeTestMethod(TestInvoker.java:173)
at org.testng.internal.MethodRunner.runInSequence(MethodRunner.java:46)
at org.testng.internal.TestInvoker$MethodInvocationAgent.invoke(TestInvoker.java:824)
at org.testng.internal.TestInvoker.invokeTestMethods(TestInvoker.java:146)
at org.testng.internal.TestMethodWorker.invokeTestMethods(TestMethodWorker.java:146)
at org.testng.internal.TestMethodWorker.run(TestMethodWorker.java:128)
at java.util.ArrayList.forEach(ArrayList.java:1259)
at org.testng.TestRunner.privateRun(TestRunner.java:794)
at org.testng.TestRunner.run(TestRunner.java:596)
at org.testng.SuiteRunner.runTest(SuiteRunner.java:377)
at org.testng.SuiteRunner.runSequentially(SuiteRunner.java:371)
at org.testng.SuiteRunner.privateRun(SuiteRunner.java:332)
at org.testng.SuiteRunner.run(SuiteRunner.java:276)
at org.testng.SuiteRunnerWorker.runSuite(SuiteRunnerWorker.java:53)
at org.testng.SuiteRunnerWorker.run(SuiteRunnerWorker.java:96)
at org.testng.TestNG.runSuitesSequentially(TestNG.java:1212)
at org.testng.TestNG.runSuitesLocally(TestNG.java:1134)
at org.testng.TestNG.runSuites(TestNG.java:1063)
at org.testng.TestNG.run(TestNG.java:1031)
at org.testng.remote.AbstractRemoteTestNG.run(AbstractRemoteTestNG.java:115)
at org.testng.remote.RemoteTestNG.initAndRun(RemoteTestNG.java:251)
at org.testng.remote.RemoteTestNG.main(RemoteTestNG.java:77)
Caused by: com.microsoft.playwright.impl.DriverException: Error {
  message='Target closed
=========================== logs ===========================
waiting for selector "role=link[name='Leads']"
============================================================
  name='Error
  stack='Error: Target closed
=========================== logs ===========================
waiting for selector "role=link[name='Leads']"
============================================================
    at /private/var/folders/3v/659ctxy95kg4r6ddlr1y64gr0000gq/T/playwright-java-6525646583487996953/package/lib/server/chromium/crConnection.js:206:16
    at new Promise (<anonymous>)
    at CRSession.send (/private/var/folders/3v/659ctxy95kg4r6ddlr1y64gr0000gq/T/playwright-java-6525646583487996953/package/lib/server/chromium/crConnection.js:202:12)
    at CRExecutionContext.evaluateWithArguments (/private/var/folders/3v/659ctxy95kg4r6ddlr1y64gr0000gq/T/playwright-java-6525646583487996953/package/lib/server/chromium/crExecutionContext.js:89:28)
    at FrameExecutionContext.evaluateWithArguments (/private/var/folders/3v/659ctxy95kg4r6ddlr1y64gr0000gq/T/playwright-java-6525646583487996953/package/lib/server/javascript.js:73:61)
    at evaluateExpression (/private/var/folders/3v/659ctxy95kg4r6ddlr1y64gr0000gq/T/playwright-java-6525646583487996953/package/lib/server/javascript.js:264:26)
    at async InjectedScriptPollHandler.finishHandle (/private/var/folders/3v/659ctxy95kg4r6ddlr1y64gr0000gq/T/playwright-java-6525646583487996953/package/lib/server/dom.js:1030:22)
    at async RerunnableTask.rerun (/private/var/folders/3v/659ctxy95kg4r6ddlr1y64gr0000gq/T/playwright-java-6525646583487996953/package/lib/server/frames.js:1883:73)
}
at com.microsoft.playwright.impl.Connection.dispatch(Connection.java:195)
at com.microsoft.playwright.impl.Connection.processOneMessage(Connection.java:175)
at com.microsoft.playwright.impl.ChannelOwner.runUntil(ChannelOwner.java:109)
... 40 more
]]>
    </error>
  </testcase> <!-- browser_actions -->
  <system-out/>
</testsuite> <!-- week2.day2.HandleDropDowns -->
