<?xml version="1.0" encoding="UTF-8"?>
<!-- Generated by org.testng.reporters.JUnitReportReporter -->
<testsuite skipped="0" hostname="FWS-CHE-LT-5617" name="pw_jan.pw_jan.Playwright_Sample" tests="1" failures="0" timestamp="2023-01-07T11:57:32 IST" time="43.571" errors="0">
  <testcase name="test1" time="43.571" classname="pw_jan.pw_jan.Playwright_Sample"/>
  <system-out/>
</testsuite> <!-- pw_jan.pw_jan.Playwright_Sample -->
