<?xml version="1.0" encoding="UTF-8"?>
<!-- Generated by org.testng.reporters.JUnitReportReporter -->
<testsuite skipped="0" hostname="FWS-CHE-LT-5617" name="pw_jan.pw_jan.App" tests="1" failures="0" timestamp="2023-01-06T05:29:19 IST" time="17.075" errors="0">
  <testcase name="test1" time="17.075" classname="pw_jan.pw_jan.App"/>
  <system-out/>
</testsuite> <!-- pw_jan.pw_jan.App -->
