<?xml version="1.0" encoding="UTF-8"?>
<!-- Generated by org.testng.reporters.JUnitReportReporter -->
<testsuite skipped="0" hostname="FWS-CHE-LT-5617" name="week3.day2.NetworkData" tests="1" failures="0" timestamp="2023-01-29T10:42:11 IST" time="48.515" errors="0">
  <testcase name="get_network_data" time="48.515" classname="week3.day2.NetworkData"/>
  <system-out/>
</testsuite> <!-- week3.day2.NetworkData -->
