<?xml version="1.0" encoding="UTF-8"?>
<!-- Generated by org.testng.reporters.JUnitReportReporter -->
<testsuite skipped="0" hostname="FWS-CHE-LT-5617" name="pw_jan.pw_jan.PW_Create_Lead" tests="1" failures="0" timestamp="2023-01-06T22:04:47 IST" time="27.454" errors="0">
  <testcase name="create_lead" time="27.454" classname="pw_jan.pw_jan.PW_Create_Lead"/>
  <system-out/>
</testsuite> <!-- pw_jan.pw_jan.PW_Create_Lead -->
