<?xml version="1.0" encoding="UTF-8"?>
<!-- Generated by org.testng.reporters.JUnitReportReporter -->
<testsuite skipped="0" hostname="FWS-CHE-LT-5617" name="week3.day1.LearnBrowserContext" tests="1" failures="0" timestamp="2023-01-28T09:39:22 IST" time="18.041" errors="0">
  <testcase name="browser_context" time="18.041" classname="week3.day1.LearnBrowserContext"/>
  <system-out/>
</testsuite> <!-- week3.day1.LearnBrowserContext -->
