<?xml version="1.0" encoding="UTF-8"?>
<!-- Generated by org.testng.reporters.JUnitReportReporter -->
<testsuite skipped="0" hostname="FWS-CHE-LT-5617" name="week3.day2.ReadConsoleMessages" tests="1" failures="0" timestamp="2023-01-29T10:10:18 IST" time="28.816" errors="0">
  <testcase name="read_console_messages" time="28.816" classname="week3.day2.ReadConsoleMessages"/>
  <system-out/>
</testsuite> <!-- week3.day2.ReadConsoleMessages -->
