<?xml version="1.0" encoding="UTF-8"?>
<!-- Generated by org.testng.reporters.JUnitReportReporter -->
<testsuite skipped="0" hostname="FWS-CHE-LT-5617" name="week2.day2.VideoHandling" tests="1" failures="0" timestamp="2023-01-22T10:15:28 IST" time="41.495" errors="0">
  <testcase name="browser_actions" time="41.495" classname="week2.day2.VideoHandling"/>
  <system-out/>
</testsuite> <!-- week2.day2.VideoHandling -->
