<?xml version="1.0" encoding="UTF-8"?>
<!-- Generated by org.testng.reporters.JUnitReportReporter -->
<testsuite skipped="0" hostname="FWS-CHE-LT-5617" name="week1.day2.BrowserActions" tests="1" failures="0" timestamp="2023-01-08T11:52:44 IST" time="29.847" errors="0">
  <testcase name="browser_actions" time="29.847" classname="week1.day2.BrowserActions"/>
  <system-out/>
</testsuite> <!-- week1.day2.BrowserActions -->
