<?xml version="1.0" encoding="UTF-8"?>
<!-- Generated by org.testng.reporters.JUnitReportReporter -->
<testsuite skipped="0" hostname="FWS-CHE-LT-5617" name="week1.day1.Playwright_Sample" tests="1" failures="0" timestamp="2023-01-19T07:03:25 IST" time="18.936" errors="0">
  <testcase name="test1" time="18.936" classname="week1.day1.Playwright_Sample"/>
  <system-out/>
</testsuite> <!-- week1.day1.Playwright_Sample -->
