<?xml version="1.0" encoding="UTF-8"?>
<!-- Generated by org.testng.reporters.JUnitReportReporter -->
<testsuite skipped="0" hostname="FWS-CHE-LT-5617" name="week2.day2.HandleAlerts" tests="1" failures="0" timestamp="2023-01-23T20:56:08 IST" time="10.547" errors="0">
  <testcase name="handle_alerts" time="10.547" classname="week2.day2.HandleAlerts"/>
  <system-out/>
</testsuite> <!-- week2.day2.HandleAlerts -->
