<?xml version="1.0" encoding="UTF-8"?>
<!-- Generated by org.testng.reporters.JUnitReportReporter -->
<testsuite skipped="0" hostname="FWS-CHE-LT-5617" name="week3.day1.ShadowDom" tests="1" failures="0" timestamp="2023-01-28T11:58:51 IST" time="73.579" errors="0">
  <testcase name="shadow_dom_handling" time="73.579" classname="week3.day1.ShadowDom"/>
  <system-out/>
</testsuite> <!-- week3.day1.ShadowDom -->
