<?xml version="1.0" encoding="UTF-8"?>
<!-- Generated by org.testng.reporters.JUnitReportReporter -->
<testsuite skipped="0" hostname="FWS-CHE-LT-5617" name="week3.day1.HandleHover" tests="1" failures="0" timestamp="2023-01-28T11:02:37 IST" time="29.096" errors="0">
  <testcase name="handleHover" time="29.096" classname="week3.day1.HandleHover"/>
  <system-out/>
</testsuite> <!-- week3.day1.HandleHover -->
