<?xml version="1.0" encoding="UTF-8"?>
<!-- Generated by org.testng.reporters.JUnitReportReporter -->
<testsuite skipped="0" hostname="FWS-CHE-LT-5617" name="week3.day1.LearnDragAndDrop" tests="1" failures="0" timestamp="2023-01-28T10:50:07 IST" time="20.826" errors="1">
  <testcase name="dragAndDrop" time="20.826" classname="week3.day1.LearnDragAndDrop">
    <error type="com.microsoft.playwright.PlaywrightException" message="Error {
  message=&#039;Target closed
=========================== logs ===========================
  waiting for frame &quot;.demo-frame&quot;
  selector resolved to visible &lt;iframe class=&quot;demo-frame&quot; src=&quot;/resources/demos/draggab…&gt;&lt;/iframe&gt;
waiting for selector &quot;.demo-frame &gt;&gt; internal:control=enter-frame &gt;&gt; #draggable&quot;
  selector resolved to visible &lt;div id=&quot;draggable&quot; class=&quot;ui-widget-content ui-dragg…&gt;…&lt;/div&gt;
attempting move and down action
  waiting for element to be visible and stable
  element is visible and stable
  scrolling into view if needed
  done scrolling
  performing move and down action
  move and down action done
  waiting for scheduled navigations to finish
  navigations have finished
  waiting for frame &quot;.demo-frame&quot;
  selector resolved to visible &lt;iframe class=&quot;demo-frame&quot; src=&quot;/resources/demos/draggab…&gt;&lt;/iframe&gt;
waiting for selector &quot;.demo-frame &gt;&gt; internal:control=enter-frame &gt;&gt; #draggable&quot;
  selector resolved to visible &lt;div id=&quot;draggable&quot; class=&quot;ui-widget-content ui-dragg…&gt;…&lt;/div&gt;
attempting move and up action
  waiting for element to be visible and stable
  element is visible and stable
  scrolling into view if needed
  done scrolling
  &lt;div id=&quot;sidebar&quot; class=&quot;widget-area&quot; role=&quot;complemen…&gt;…&lt;/div&gt; intercepts pointer events
retrying move and up action, attempt #1
  waiting for element to be visible and stable
  element is visible and stable
  scrolling into view if needed
  done scrolling
  &lt;div id=&quot;sidebar&quot; class=&quot;widget-area&quot; role=&quot;complemen…&gt;…&lt;/div&gt; intercepts pointer events
retrying move and up action, attempt #2
  waiting 20ms
  waiting for element to be visible and stable
  element is visible and stable
  scrolling into view if needed
  done scrolling
  &lt;div id=&quot;sidebar&quot; class=&quot;widget-area&quot; role=&quot;complemen…&gt;…&lt;/div&gt; intercepts pointer events
retrying move and up action, attempt #3
  waiting 100ms
  waiting for element to be visible and stable
  element is visible and stable
  scrolling into view if needed
  done scrolling
  &lt;html lang=&quot;en-US&quot; class=&quot;js multiplebgs boxshadow css…&gt;…&lt;/html&gt; intercepts pointer events
retrying move and up action, attempt #4
  waiting 100ms
  waiting for element to be visible and stable
  element is visible and stable
  scrolling into view if needed
  done scrolling
  &lt;div id=&quot;sidebar&quot; class=&quot;widget-area&quot; role=&quot;complemen…&gt;…&lt;/div&gt; intercepts pointer events
retrying move and up action, attempt #5
  waiting 500ms
  waiting for element to be visible and stable
  element is visible and stable
  scrolling into view if needed
  done scrolling
  &lt;div id=&quot;sidebar&quot; class=&quot;widget-area&quot; role=&quot;complemen…&gt;…&lt;/div&gt; intercepts pointer events
retrying move and up action, attempt #6
  waiting 500ms
  waiting for element to be visible and stable
  element is visible and stable
  scrolling into view if needed
  done scrolling
  &lt;div id=&quot;sidebar&quot; class=&quot;widget-area&quot; role=&quot;complemen…&gt;…&lt;/div&gt; intercepts pointer events
retrying move and up action, attempt #7
  waiting 500ms
  waiting for element to be visible and stable
  element is visible and stable
  scrolling into view if needed
  done scrolling
  &lt;html lang=&quot;en-US&quot; class=&quot;js multiplebgs boxshadow css…&gt;…&lt;/html&gt; intercepts pointer events
retrying move and up action, attempt #8
  waiting 500ms
  waiting for element to be visible and stable
  element is visible and stable
  scrolling into view if needed
  done scrolling
  &lt;div id=&quot;sidebar&quot; class=&quot;widget-area&quot; role=&quot;complemen…&gt;…&lt;/div&gt; intercepts pointer events
retrying move and up action, attempt #9
  waiting 500ms
  waiting for element to be visible and stable
  element is visible and stable
  scrolling into view if needed
  done scrolling
  &lt;div id=&quot;sidebar&quot; class=&quot;widget-area&quot; role=&quot;complemen…&gt;…&lt;/div&gt; intercepts pointer events
retrying move and up action, attempt #10
  waiting 500ms
  waiting for element to be visible and stable
  element is visible and stable
  scrolling into view if needed
  done scrolling
  &lt;div id=&quot;sidebar&quot; class=&quot;widget-area&quot; role=&quot;complemen…&gt;…&lt;/div&gt; intercepts pointer events
retrying move and up action, attempt #11
  waiting 500ms
  waiting for element to be visible and stable
  element is visible and stable
  scrolling into view if needed
  done scrolling
  &lt;html lang=&quot;en-US&quot; class=&quot;js multiplebgs boxshadow css…&gt;…&lt;/html&gt; intercepts pointer events
retrying move and up action, attempt #12
  waiting 500ms
  waiting for element to be visible and stable
  element is visible and stable
  scrolling into view if needed
  done scrolling
  &lt;div class=&quot;content-right twelve columns&quot;&gt;…&lt;/div&gt; intercepts pointer events
retrying move and up action, attempt #13
  waiting 500ms
  waiting for element to be visible and stable
  element is visible and stable
  scrolling into view if needed
  done scrolling
  &lt;div class=&quot;content-right twelve columns&quot;&gt;…&lt;/div&gt; intercepts pointer events
retrying move and up action, attempt #14
  waiting 500ms
  waiting for element to be visible and stable
  element is visible and stable
  scrolling into view if needed
  done scrolling
  &lt;h1 class=&quot;entry-title&quot;&gt;Draggable&lt;/h1&gt; intercepts pointer events
retrying move and up action, attempt #15
  waiting 500ms
  waiting for element to be visible and stable
  element is visible and stable
  scrolling into view if needed
  done scrolling
  &lt;html lang=&quot;en-US&quot; class=&quot;js multiplebgs boxshadow css…&gt;…&lt;/html&gt; intercepts pointer events
retrying move and up action, attempt #16
  waiting 500ms
  waiting for element to be visible and stable
  element is visible and stable
  scrolling into view if needed
  done scrolling
  &lt;html lang=&quot;en&quot;&gt;…&lt;/html&gt; intercepts pointer events
retrying move and up action, attempt #17
  waiting 500ms
  waiting for element to be visible and stable
  element is visible and stable
  scrolling into view if needed
  done scrolling
  &lt;html lang=&quot;en&quot;&gt;…&lt;/html&gt; intercepts pointer events
retrying move and up action, attempt #18
  waiting 500ms
  waiting for element to be visible and stable
  element is visible and stable
  scrolling into view if needed
  done scrolling
  &lt;html lang=&quot;en&quot;&gt;…&lt;/html&gt; intercepts pointer events
retrying move and up action, attempt #19
  waiting 500ms
  waiting for element to be visible and stable
  element is visible and stable
  scrolling into view if needed
  done scrolling
  &lt;html lang=&quot;en-US&quot; class=&quot;js multiplebgs boxshadow css…&gt;…&lt;/html&gt; intercepts pointer events
retrying move and up action, attempt #20
  waiting 500ms
  waiting for element to be visible and stable
  element is visible and stable
  scrolling into view if needed
  done scrolling
  &lt;html lang=&quot;en&quot;&gt;…&lt;/html&gt; intercepts pointer events
retrying move and up action, attempt #21
  waiting 500ms
  waiting for element to be visible and stable
  element is visible and stable
  scrolling into view if needed
  done scrolling
  &lt;html lang=&quot;en&quot;&gt;…&lt;/html&gt; intercepts pointer events
retrying move and up action, attempt #22
  waiting 500ms
  waiting for element to be visible and stable
  element is visible and stable
  scrolling into view if needed
  done scrolling
  &lt;html lang=&quot;en&quot;&gt;…&lt;/html&gt; intercepts pointer events
retrying move and up action, attempt #23
  waiting 500ms
  waiting for element to be visible and stable
  element is visible and stable
  scrolling into view if needed
  done scrolling
  &lt;html lang=&quot;en-US&quot; class=&quot;js multiplebgs boxshadow css…&gt;…&lt;/html&gt; intercepts pointer events
retrying move and up action, attempt #24
  waiting 500ms
============================================================
  name=&#039;Error
  stack=&#039;Error: Target closed
=========================== logs ===========================
  waiting for frame &quot;.demo-frame&quot;
  selector resolved to visible &lt;iframe class=&quot;demo-frame&quot; src=&quot;/resources/demos/draggab…&gt;&lt;/iframe&gt;
waiting for selector &quot;.demo-frame &gt;&gt; internal:control=enter-frame &gt;&gt; #draggable&quot;
  selector resolved to visible &lt;div id=&quot;draggable&quot; class=&quot;ui-widget-content ui-dragg…&gt;…&lt;/div&gt;
attempting move and down action
  waiting for element to be visible and stable
  element is visible and stable
  scrolling into view if needed
  done scrolling
  performing move and down action
  move and down action done
  waiting for scheduled navigations to finish
  navigations have finished
  waiting for frame &quot;.demo-frame&quot;
  selector resolved to visible &lt;iframe class=&quot;demo-frame&quot; src=&quot;/resources/demos/draggab…&gt;&lt;/iframe&gt;
waiting for selector &quot;.demo-frame &gt;&gt; internal:control=enter-frame &gt;&gt; #draggable&quot;
  selector resolved to visible &lt;div id=&quot;draggable&quot; class=&quot;ui-widget-content ui-dragg…&gt;…&lt;/div&gt;
attempting move and up action
  waiting for element to be visible and stable
  element is visible and stable
  scrolling into view if needed
  done scrolling
  &lt;div id=&quot;sidebar&quot; class=&quot;widget-area&quot; role=&quot;complemen…&gt;…&lt;/div&gt; intercepts pointer events
retrying move and up action, attempt #1
  waiting for element to be visible and stable
  element is visible and stable
  scrolling into view if needed
  done scrolling
  &lt;div id=&quot;sidebar&quot; class=&quot;widget-area&quot; role=&quot;complemen…&gt;…&lt;/div&gt; intercepts pointer events
retrying move and up action, attempt #2
  waiting 20ms
  waiting for element to be visible and stable
  element is visible and stable
  scrolling into view if needed
  done scrolling
  &lt;div id=&quot;sidebar&quot; class=&quot;widget-area&quot; role=&quot;complemen…&gt;…&lt;/div&gt; intercepts pointer events
retrying move and up action, attempt #3
  waiting 100ms
  waiting for element to be visible and stable
  element is visible and stable
  scrolling into view if needed
  done scrolling
  &lt;html lang=&quot;en-US&quot; class=&quot;js multiplebgs boxshadow css…&gt;…&lt;/html&gt; intercepts pointer events
retrying move and up action, attempt #4
  waiting 100ms
  waiting for element to be visible and stable
  element is visible and stable
  scrolling into view if needed
  done scrolling
  &lt;div id=&quot;sidebar&quot; class=&quot;widget-area&quot; role=&quot;complemen…&gt;…&lt;/div&gt; intercepts pointer events
retrying move and up action, attempt #5
  waiting 500ms
  waiting for element to be visible and stable
  element is visible and stable
  scrolling into view if needed
  done scrolling
  &lt;div id=&quot;sidebar&quot; class=&quot;widget-area&quot; role=&quot;complemen…&gt;…&lt;/div&gt; intercepts pointer events
retrying move and up action, attempt #6
  waiting 500ms
  waiting for element to be visible and stable
  element is visible and stable
  scrolling into view if needed
  done scrolling
  &lt;div id=&quot;sidebar&quot; class=&quot;widget-area&quot; role=&quot;complemen…&gt;…&lt;/div&gt; intercepts pointer events
retrying move and up action, attempt #7
  waiting 500ms
  waiting for element to be visible and stable
  element is visible and stable
  scrolling into view if needed
  done scrolling
  &lt;html lang=&quot;en-US&quot; class=&quot;js multiplebgs boxshadow css…&gt;…&lt;/html&gt; intercepts pointer events
retrying move and up action, attempt #8
  waiting 500ms
  waiting for element to be visible and stable
  element is visible and stable
  scrolling into view if needed
  done scrolling
  &lt;div id=&quot;sidebar&quot; class=&quot;widget-area&quot; role=&quot;complemen…&gt;…&lt;/div&gt; intercepts pointer events
retrying move and up action, attempt #9
  waiting 500ms
  waiting for element to be visible and stable
  element is visible and stable
  scrolling into view if needed
  done scrolling
  &lt;div id=&quot;sidebar&quot; class=&quot;widget-area&quot; role=&quot;complemen…&gt;…&lt;/div&gt; intercepts pointer events
retrying move and up action, attempt #10
  waiting 500ms
  waiting for element to be visible and stable
  element is visible and stable
  scrolling into view if needed
  done scrolling
  &lt;div id=&quot;sidebar&quot; class=&quot;widget-area&quot; role=&quot;complemen…&gt;…&lt;/div&gt; intercepts pointer events
retrying move and up action, attempt #11
  waiting 500ms
  waiting for element to be visible and stable
  element is visible and stable
  scrolling into view if needed
  done scrolling
  &lt;html lang=&quot;en-US&quot; class=&quot;js multiplebgs boxshadow css…&gt;…&lt;/html&gt; intercepts pointer events
retrying move and up action, attempt #12
  waiting 500ms
  waiting for element to be visible and stable
  element is visible and stable
  scrolling into view if needed
  done scrolling
  &lt;div class=&quot;content-right twelve columns&quot;&gt;…&lt;/div&gt; intercepts pointer events
retrying move and up action, attempt #13
  waiting 500ms
  waiting for element to be visible and stable
  element is visible and stable
  scrolling into view if needed
  done scrolling
  &lt;div class=&quot;content-right twelve columns&quot;&gt;…&lt;/div&gt; intercepts pointer events
retrying move and up action, attempt #14
  waiting 500ms
  waiting for element to be visible and stable
  element is visible and stable
  scrolling into view if needed
  done scrolling
  &lt;h1 class=&quot;entry-title&quot;&gt;Draggable&lt;/h1&gt; intercepts pointer events
retrying move and up action, attempt #15
  waiting 500ms
  waiting for element to be visible and stable
  element is visible and stable
  scrolling into view if needed
  done scrolling
  &lt;html lang=&quot;en-US&quot; class=&quot;js multiplebgs boxshadow css…&gt;…&lt;/html&gt; intercepts pointer events
retrying move and up action, attempt #16
  waiting 500ms
  waiting for element to be visible and stable
  element is visible and stable
  scrolling into view if needed
  done scrolling
  &lt;html lang=&quot;en&quot;&gt;…&lt;/html&gt; intercepts pointer events
retrying move and up action, attempt #17
  waiting 500ms
  waiting for element to be visible and stable
  element is visible and stable
  scrolling into view if needed
  done scrolling
  &lt;html lang=&quot;en&quot;&gt;…&lt;/html&gt; intercepts pointer events
retrying move and up action, attempt #18
  waiting 500ms
  waiting for element to be visible and stable
  element is visible and stable
  scrolling into view if needed
  done scrolling
  &lt;html lang=&quot;en&quot;&gt;…&lt;/html&gt; intercepts pointer events
retrying move and up action, attempt #19
  waiting 500ms
  waiting for element to be visible and stable
  element is visible and stable
  scrolling into view if needed
  done scrolling
  &lt;html lang=&quot;en-US&quot; class=&quot;js multiplebgs boxshadow css…&gt;…&lt;/html&gt; intercepts pointer events
retrying move and up action, attempt #20
  waiting 500ms
  waiting for element to be visible and stable
  element is visible and stable
  scrolling into view if needed
  done scrolling
  &lt;html lang=&quot;en&quot;&gt;…&lt;/html&gt; intercepts pointer events
retrying move and up action, attempt #21
  waiting 500ms
  waiting for element to be visible and stable
  element is visible and stable
  scrolling into view if needed
  done scrolling
  &lt;html lang=&quot;en&quot;&gt;…&lt;/html&gt; intercepts pointer events
retrying move and up action, attempt #22
  waiting 500ms
  waiting for element to be visible and stable
  element is visible and stable
  scrolling into view if needed
  done scrolling
  &lt;html lang=&quot;en&quot;&gt;…&lt;/html&gt; intercepts pointer events
retrying move and up action, attempt #23
  waiting 500ms
  waiting for element to be visible and stable
  element is visible and stable
  scrolling into view if needed
  done scrolling
  &lt;html lang=&quot;en-US&quot; class=&quot;js multiplebgs boxshadow css…&gt;…&lt;/html&gt; intercepts pointer events
retrying move and up action, attempt #24
  waiting 500ms
============================================================
    at /private/var/folders/3v/659ctxy95kg4r6ddlr1y64gr0000gq/T/playwright-java-6272352182355974430/package/lib/server/chromium/crConnection.js:206:16
    at new Promise (&lt;anonymous&gt;)
    at CRSession.send (/private/var/folders/3v/659ctxy95kg4r6ddlr1y64gr0000gq/T/playwright-java-6272352182355974430/package/lib/server/chromium/crConnection.js:202:12)
    at CRExecutionContext.evaluateWithArguments (/private/var/folders/3v/659ctxy95kg4r6ddlr1y64gr0000gq/T/playwright-java-6272352182355974430/package/lib/server/chromium/crExecutionContext.js:89:28)
    at FrameExecutionContext.evaluateWithArguments (/private/var/folders/3v/659ctxy95kg4r6ddlr1y64gr0000gq/T/playwright-java-6272352182355974430/package/lib/server/javascript.js:73:61)
    at evaluateExpression (/private/var/folders/3v/659ctxy95kg4r6ddlr1y64gr0000gq/T/playwright-java-6272352182355974430/package/lib/server/javascript.js:264:26)
    at async ElementHandle.evaluateInUtility (/private/var/folders/3v/659ctxy95kg4r6ddlr1y64gr0000gq/T/playwright-java-6272352182355974430/package/lib/server/dom.js:170:14)
    at async ElementHandle._retryPointerAction (/private/var/folders/3v/659ctxy95kg4r6ddlr1y64gr0000gq/T/playwright-java-6272352182355974430/package/lib/server/dom.js:414:26)
    at async /private/var/folders/3v/659ctxy95kg4r6ddlr1y64gr0000gq/T/playwright-java-6272352182355974430/package/lib/server/frames.js:1166:24
    at async Frame.retryWithProgress (/private/var/folders/3v/659ctxy95kg4r6ddlr1y64gr0000gq/T/playwright-java-6272352182355974430/package/lib/server/frames.js:1126:24)
}">
      <![CDATA[com.microsoft.playwright.PlaywrightException: Error {
  message='Target closed
=========================== logs ===========================
  waiting for frame ".demo-frame"
  selector resolved to visible <iframe class="demo-frame" src="/resources/demos/draggab…></iframe>
waiting for selector ".demo-frame >> internal:control=enter-frame >> #draggable"
  selector resolved to visible <div id="draggable" class="ui-widget-content ui-dragg…>…</div>
attempting move and down action
  waiting for element to be visible and stable
  element is visible and stable
  scrolling into view if needed
  done scrolling
  performing move and down action
  move and down action done
  waiting for scheduled navigations to finish
  navigations have finished
  waiting for frame ".demo-frame"
  selector resolved to visible <iframe class="demo-frame" src="/resources/demos/draggab…></iframe>
waiting for selector ".demo-frame >> internal:control=enter-frame >> #draggable"
  selector resolved to visible <div id="draggable" class="ui-widget-content ui-dragg…>…</div>
attempting move and up action
  waiting for element to be visible and stable
  element is visible and stable
  scrolling into view if needed
  done scrolling
  <div id="sidebar" class="widget-area" role="complemen…>…</div> intercepts pointer events
retrying move and up action, attempt #1
  waiting for element to be visible and stable
  element is visible and stable
  scrolling into view if needed
  done scrolling
  <div id="sidebar" class="widget-area" role="complemen…>…</div> intercepts pointer events
retrying move and up action, attempt #2
  waiting 20ms
  waiting for element to be visible and stable
  element is visible and stable
  scrolling into view if needed
  done scrolling
  <div id="sidebar" class="widget-area" role="complemen…>…</div> intercepts pointer events
retrying move and up action, attempt #3
  waiting 100ms
  waiting for element to be visible and stable
  element is visible and stable
  scrolling into view if needed
  done scrolling
  <html lang="en-US" class="js multiplebgs boxshadow css…>…</html> intercepts pointer events
retrying move and up action, attempt #4
  waiting 100ms
  waiting for element to be visible and stable
  element is visible and stable
  scrolling into view if needed
  done scrolling
  <div id="sidebar" class="widget-area" role="complemen…>…</div> intercepts pointer events
retrying move and up action, attempt #5
  waiting 500ms
  waiting for element to be visible and stable
  element is visible and stable
  scrolling into view if needed
  done scrolling
  <div id="sidebar" class="widget-area" role="complemen…>…</div> intercepts pointer events
retrying move and up action, attempt #6
  waiting 500ms
  waiting for element to be visible and stable
  element is visible and stable
  scrolling into view if needed
  done scrolling
  <div id="sidebar" class="widget-area" role="complemen…>…</div> intercepts pointer events
retrying move and up action, attempt #7
  waiting 500ms
  waiting for element to be visible and stable
  element is visible and stable
  scrolling into view if needed
  done scrolling
  <html lang="en-US" class="js multiplebgs boxshadow css…>…</html> intercepts pointer events
retrying move and up action, attempt #8
  waiting 500ms
  waiting for element to be visible and stable
  element is visible and stable
  scrolling into view if needed
  done scrolling
  <div id="sidebar" class="widget-area" role="complemen…>…</div> intercepts pointer events
retrying move and up action, attempt #9
  waiting 500ms
  waiting for element to be visible and stable
  element is visible and stable
  scrolling into view if needed
  done scrolling
  <div id="sidebar" class="widget-area" role="complemen…>…</div> intercepts pointer events
retrying move and up action, attempt #10
  waiting 500ms
  waiting for element to be visible and stable
  element is visible and stable
  scrolling into view if needed
  done scrolling
  <div id="sidebar" class="widget-area" role="complemen…>…</div> intercepts pointer events
retrying move and up action, attempt #11
  waiting 500ms
  waiting for element to be visible and stable
  element is visible and stable
  scrolling into view if needed
  done scrolling
  <html lang="en-US" class="js multiplebgs boxshadow css…>…</html> intercepts pointer events
retrying move and up action, attempt #12
  waiting 500ms
  waiting for element to be visible and stable
  element is visible and stable
  scrolling into view if needed
  done scrolling
  <div class="content-right twelve columns">…</div> intercepts pointer events
retrying move and up action, attempt #13
  waiting 500ms
  waiting for element to be visible and stable
  element is visible and stable
  scrolling into view if needed
  done scrolling
  <div class="content-right twelve columns">…</div> intercepts pointer events
retrying move and up action, attempt #14
  waiting 500ms
  waiting for element to be visible and stable
  element is visible and stable
  scrolling into view if needed
  done scrolling
  <h1 class="entry-title">Draggable</h1> intercepts pointer events
retrying move and up action, attempt #15
  waiting 500ms
  waiting for element to be visible and stable
  element is visible and stable
  scrolling into view if needed
  done scrolling
  <html lang="en-US" class="js multiplebgs boxshadow css…>…</html> intercepts pointer events
retrying move and up action, attempt #16
  waiting 500ms
  waiting for element to be visible and stable
  element is visible and stable
  scrolling into view if needed
  done scrolling
  <html lang="en">…</html> intercepts pointer events
retrying move and up action, attempt #17
  waiting 500ms
  waiting for element to be visible and stable
  element is visible and stable
  scrolling into view if needed
  done scrolling
  <html lang="en">…</html> intercepts pointer events
retrying move and up action, attempt #18
  waiting 500ms
  waiting for element to be visible and stable
  element is visible and stable
  scrolling into view if needed
  done scrolling
  <html lang="en">…</html> intercepts pointer events
retrying move and up action, attempt #19
  waiting 500ms
  waiting for element to be visible and stable
  element is visible and stable
  scrolling into view if needed
  done scrolling
  <html lang="en-US" class="js multiplebgs boxshadow css…>…</html> intercepts pointer events
retrying move and up action, attempt #20
  waiting 500ms
  waiting for element to be visible and stable
  element is visible and stable
  scrolling into view if needed
  done scrolling
  <html lang="en">…</html> intercepts pointer events
retrying move and up action, attempt #21
  waiting 500ms
  waiting for element to be visible and stable
  element is visible and stable
  scrolling into view if needed
  done scrolling
  <html lang="en">…</html> intercepts pointer events
retrying move and up action, attempt #22
  waiting 500ms
  waiting for element to be visible and stable
  element is visible and stable
  scrolling into view if needed
  done scrolling
  <html lang="en">…</html> intercepts pointer events
retrying move and up action, attempt #23
  waiting 500ms
  waiting for element to be visible and stable
  element is visible and stable
  scrolling into view if needed
  done scrolling
  <html lang="en-US" class="js multiplebgs boxshadow css…>…</html> intercepts pointer events
retrying move and up action, attempt #24
  waiting 500ms
============================================================
  name='Error
  stack='Error: Target closed
=========================== logs ===========================
  waiting for frame ".demo-frame"
  selector resolved to visible <iframe class="demo-frame" src="/resources/demos/draggab…></iframe>
waiting for selector ".demo-frame >> internal:control=enter-frame >> #draggable"
  selector resolved to visible <div id="draggable" class="ui-widget-content ui-dragg…>…</div>
attempting move and down action
  waiting for element to be visible and stable
  element is visible and stable
  scrolling into view if needed
  done scrolling
  performing move and down action
  move and down action done
  waiting for scheduled navigations to finish
  navigations have finished
  waiting for frame ".demo-frame"
  selector resolved to visible <iframe class="demo-frame" src="/resources/demos/draggab…></iframe>
waiting for selector ".demo-frame >> internal:control=enter-frame >> #draggable"
  selector resolved to visible <div id="draggable" class="ui-widget-content ui-dragg…>…</div>
attempting move and up action
  waiting for element to be visible and stable
  element is visible and stable
  scrolling into view if needed
  done scrolling
  <div id="sidebar" class="widget-area" role="complemen…>…</div> intercepts pointer events
retrying move and up action, attempt #1
  waiting for element to be visible and stable
  element is visible and stable
  scrolling into view if needed
  done scrolling
  <div id="sidebar" class="widget-area" role="complemen…>…</div> intercepts pointer events
retrying move and up action, attempt #2
  waiting 20ms
  waiting for element to be visible and stable
  element is visible and stable
  scrolling into view if needed
  done scrolling
  <div id="sidebar" class="widget-area" role="complemen…>…</div> intercepts pointer events
retrying move and up action, attempt #3
  waiting 100ms
  waiting for element to be visible and stable
  element is visible and stable
  scrolling into view if needed
  done scrolling
  <html lang="en-US" class="js multiplebgs boxshadow css…>…</html> intercepts pointer events
retrying move and up action, attempt #4
  waiting 100ms
  waiting for element to be visible and stable
  element is visible and stable
  scrolling into view if needed
  done scrolling
  <div id="sidebar" class="widget-area" role="complemen…>…</div> intercepts pointer events
retrying move and up action, attempt #5
  waiting 500ms
  waiting for element to be visible and stable
  element is visible and stable
  scrolling into view if needed
  done scrolling
  <div id="sidebar" class="widget-area" role="complemen…>…</div> intercepts pointer events
retrying move and up action, attempt #6
  waiting 500ms
  waiting for element to be visible and stable
  element is visible and stable
  scrolling into view if needed
  done scrolling
  <div id="sidebar" class="widget-area" role="complemen…>…</div> intercepts pointer events
retrying move and up action, attempt #7
  waiting 500ms
  waiting for element to be visible and stable
  element is visible and stable
  scrolling into view if needed
  done scrolling
  <html lang="en-US" class="js multiplebgs boxshadow css…>…</html> intercepts pointer events
retrying move and up action, attempt #8
  waiting 500ms
  waiting for element to be visible and stable
  element is visible and stable
  scrolling into view if needed
  done scrolling
  <div id="sidebar" class="widget-area" role="complemen…>…</div> intercepts pointer events
retrying move and up action, attempt #9
  waiting 500ms
  waiting for element to be visible and stable
  element is visible and stable
  scrolling into view if needed
  done scrolling
  <div id="sidebar" class="widget-area" role="complemen…>…</div> intercepts pointer events
retrying move and up action, attempt #10
  waiting 500ms
  waiting for element to be visible and stable
  element is visible and stable
  scrolling into view if needed
  done scrolling
  <div id="sidebar" class="widget-area" role="complemen…>…</div> intercepts pointer events
retrying move and up action, attempt #11
  waiting 500ms
  waiting for element to be visible and stable
  element is visible and stable
  scrolling into view if needed
  done scrolling
  <html lang="en-US" class="js multiplebgs boxshadow css…>…</html> intercepts pointer events
retrying move and up action, attempt #12
  waiting 500ms
  waiting for element to be visible and stable
  element is visible and stable
  scrolling into view if needed
  done scrolling
  <div class="content-right twelve columns">…</div> intercepts pointer events
retrying move and up action, attempt #13
  waiting 500ms
  waiting for element to be visible and stable
  element is visible and stable
  scrolling into view if needed
  done scrolling
  <div class="content-right twelve columns">…</div> intercepts pointer events
retrying move and up action, attempt #14
  waiting 500ms
  waiting for element to be visible and stable
  element is visible and stable
  scrolling into view if needed
  done scrolling
  <h1 class="entry-title">Draggable</h1> intercepts pointer events
retrying move and up action, attempt #15
  waiting 500ms
  waiting for element to be visible and stable
  element is visible and stable
  scrolling into view if needed
  done scrolling
  <html lang="en-US" class="js multiplebgs boxshadow css…>…</html> intercepts pointer events
retrying move and up action, attempt #16
  waiting 500ms
  waiting for element to be visible and stable
  element is visible and stable
  scrolling into view if needed
  done scrolling
  <html lang="en">…</html> intercepts pointer events
retrying move and up action, attempt #17
  waiting 500ms
  waiting for element to be visible and stable
  element is visible and stable
  scrolling into view if needed
  done scrolling
  <html lang="en">…</html> intercepts pointer events
retrying move and up action, attempt #18
  waiting 500ms
  waiting for element to be visible and stable
  element is visible and stable
  scrolling into view if needed
  done scrolling
  <html lang="en">…</html> intercepts pointer events
retrying move and up action, attempt #19
  waiting 500ms
  waiting for element to be visible and stable
  element is visible and stable
  scrolling into view if needed
  done scrolling
  <html lang="en-US" class="js multiplebgs boxshadow css…>…</html> intercepts pointer events
retrying move and up action, attempt #20
  waiting 500ms
  waiting for element to be visible and stable
  element is visible and stable
  scrolling into view if needed
  done scrolling
  <html lang="en">…</html> intercepts pointer events
retrying move and up action, attempt #21
  waiting 500ms
  waiting for element to be visible and stable
  element is visible and stable
  scrolling into view if needed
  done scrolling
  <html lang="en">…</html> intercepts pointer events
retrying move and up action, attempt #22
  waiting 500ms
  waiting for element to be visible and stable
  element is visible and stable
  scrolling into view if needed
  done scrolling
  <html lang="en">…</html> intercepts pointer events
retrying move and up action, attempt #23
  waiting 500ms
  waiting for element to be visible and stable
  element is visible and stable
  scrolling into view if needed
  done scrolling
  <html lang="en-US" class="js multiplebgs boxshadow css…>…</html> intercepts pointer events
retrying move and up action, attempt #24
  waiting 500ms
============================================================
    at /private/var/folders/3v/659ctxy95kg4r6ddlr1y64gr0000gq/T/playwright-java-6272352182355974430/package/lib/server/chromium/crConnection.js:206:16
    at new Promise (<anonymous>)
    at CRSession.send (/private/var/folders/3v/659ctxy95kg4r6ddlr1y64gr0000gq/T/playwright-java-6272352182355974430/package/lib/server/chromium/crConnection.js:202:12)
    at CRExecutionContext.evaluateWithArguments (/private/var/folders/3v/659ctxy95kg4r6ddlr1y64gr0000gq/T/playwright-java-6272352182355974430/package/lib/server/chromium/crExecutionContext.js:89:28)
    at FrameExecutionContext.evaluateWithArguments (/private/var/folders/3v/659ctxy95kg4r6ddlr1y64gr0000gq/T/playwright-java-6272352182355974430/package/lib/server/javascript.js:73:61)
    at evaluateExpression (/private/var/folders/3v/659ctxy95kg4r6ddlr1y64gr0000gq/T/playwright-java-6272352182355974430/package/lib/server/javascript.js:264:26)
    at async ElementHandle.evaluateInUtility (/private/var/folders/3v/659ctxy95kg4r6ddlr1y64gr0000gq/T/playwright-java-6272352182355974430/package/lib/server/dom.js:170:14)
    at async ElementHandle._retryPointerAction (/private/var/folders/3v/659ctxy95kg4r6ddlr1y64gr0000gq/T/playwright-java-6272352182355974430/package/lib/server/dom.js:414:26)
    at async /private/var/folders/3v/659ctxy95kg4r6ddlr1y64gr0000gq/T/playwright-java-6272352182355974430/package/lib/server/frames.js:1166:24
    at async Frame.retryWithProgress (/private/var/folders/3v/659ctxy95kg4r6ddlr1y64gr0000gq/T/playwright-java-6272352182355974430/package/lib/server/frames.js:1126:24)
}
at com.microsoft.playwright.impl.WaitableResult.get(WaitableResult.java:54)
at com.microsoft.playwright.impl.ChannelOwner.runUntil(ChannelOwner.java:111)
at com.microsoft.playwright.impl.Connection.sendMessage(Connection.java:113)
at com.microsoft.playwright.impl.ChannelOwner.sendMessage(ChannelOwner.java:102)
at com.microsoft.playwright.impl.FrameImpl.dragAndDropImpl(FrameImpl.java:496)
at com.microsoft.playwright.impl.FrameImpl.lambda$dragAndDrop$21(FrameImpl.java:486)
at com.microsoft.playwright.impl.LoggingSupport.lambda$withLogging$0(LoggingSupport.java:36)
at com.microsoft.playwright.impl.LoggingSupport.withLogging(LoggingSupport.java:47)
at com.microsoft.playwright.impl.ChannelOwner.withLogging(ChannelOwner.java:87)
at com.microsoft.playwright.impl.LoggingSupport.withLogging(LoggingSupport.java:35)
at com.microsoft.playwright.impl.FrameImpl.dragAndDrop(FrameImpl.java:486)
at com.microsoft.playwright.impl.LocatorImpl.dragTo(LocatorImpl.java:124)
at week3.day1.LearnDragAndDrop.dragAndDrop(LearnDragAndDrop.java:47)
at sun.reflect.NativeMethodAccessorImpl.invoke0(Native Method)
at sun.reflect.NativeMethodAccessorImpl.invoke(NativeMethodAccessorImpl.java:62)
at sun.reflect.DelegatingMethodAccessorImpl.invoke(DelegatingMethodAccessorImpl.java:43)
at java.lang.reflect.Method.invoke(Method.java:498)
at org.testng.internal.MethodInvocationHelper.invokeMethod(MethodInvocationHelper.java:133)
at org.testng.internal.TestInvoker.invokeMethod(TestInvoker.java:598)
at org.testng.internal.TestInvoker.invokeTestMethod(TestInvoker.java:173)
at org.testng.internal.MethodRunner.runInSequence(MethodRunner.java:46)
at org.testng.internal.TestInvoker$MethodInvocationAgent.invoke(TestInvoker.java:824)
at org.testng.internal.TestInvoker.invokeTestMethods(TestInvoker.java:146)
at org.testng.internal.TestMethodWorker.invokeTestMethods(TestMethodWorker.java:146)
at org.testng.internal.TestMethodWorker.run(TestMethodWorker.java:128)
at java.util.ArrayList.forEach(ArrayList.java:1259)
at org.testng.TestRunner.privateRun(TestRunner.java:794)
at org.testng.TestRunner.run(TestRunner.java:596)
at org.testng.SuiteRunner.runTest(SuiteRunner.java:377)
at org.testng.SuiteRunner.runSequentially(SuiteRunner.java:371)
at org.testng.SuiteRunner.privateRun(SuiteRunner.java:332)
at org.testng.SuiteRunner.run(SuiteRunner.java:276)
at org.testng.SuiteRunnerWorker.runSuite(SuiteRunnerWorker.java:53)
at org.testng.SuiteRunnerWorker.run(SuiteRunnerWorker.java:96)
at org.testng.TestNG.runSuitesSequentially(TestNG.java:1212)
at org.testng.TestNG.runSuitesLocally(TestNG.java:1134)
at org.testng.TestNG.runSuites(TestNG.java:1063)
at org.testng.TestNG.run(TestNG.java:1031)
at org.testng.remote.AbstractRemoteTestNG.run(AbstractRemoteTestNG.java:115)
at org.testng.remote.RemoteTestNG.initAndRun(RemoteTestNG.java:251)
at org.testng.remote.RemoteTestNG.main(RemoteTestNG.java:77)
Caused by: com.microsoft.playwright.impl.DriverException: Error {
  message='Target closed
=========================== logs ===========================
  waiting for frame ".demo-frame"
  selector resolved to visible <iframe class="demo-frame" src="/resources/demos/draggab…></iframe>
waiting for selector ".demo-frame >> internal:control=enter-frame >> #draggable"
  selector resolved to visible <div id="draggable" class="ui-widget-content ui-dragg…>…</div>
attempting move and down action
  waiting for element to be visible and stable
  element is visible and stable
  scrolling into view if needed
  done scrolling
  performing move and down action
  move and down action done
  waiting for scheduled navigations to finish
  navigations have finished
  waiting for frame ".demo-frame"
  selector resolved to visible <iframe class="demo-frame" src="/resources/demos/draggab…></iframe>
waiting for selector ".demo-frame >> internal:control=enter-frame >> #draggable"
  selector resolved to visible <div id="draggable" class="ui-widget-content ui-dragg…>…</div>
attempting move and up action
  waiting for element to be visible and stable
  element is visible and stable
  scrolling into view if needed
  done scrolling
  <div id="sidebar" class="widget-area" role="complemen…>…</div> intercepts pointer events
retrying move and up action, attempt #1
  waiting for element to be visible and stable
  element is visible and stable
  scrolling into view if needed
  done scrolling
  <div id="sidebar" class="widget-area" role="complemen…>…</div> intercepts pointer events
retrying move and up action, attempt #2
  waiting 20ms
  waiting for element to be visible and stable
  element is visible and stable
  scrolling into view if needed
  done scrolling
  <div id="sidebar" class="widget-area" role="complemen…>…</div> intercepts pointer events
retrying move and up action, attempt #3
  waiting 100ms
  waiting for element to be visible and stable
  element is visible and stable
  scrolling into view if needed
  done scrolling
  <html lang="en-US" class="js multiplebgs boxshadow css…>…</html> intercepts pointer events
retrying move and up action, attempt #4
  waiting 100ms
  waiting for element to be visible and stable
  element is visible and stable
  scrolling into view if needed
  done scrolling
  <div id="sidebar" class="widget-area" role="complemen…>…</div> intercepts pointer events
retrying move and up action, attempt #5
  waiting 500ms
  waiting for element to be visible and stable
  element is visible and stable
  scrolling into view if needed
  done scrolling
  <div id="sidebar" class="widget-area" role="complemen…>…</div> intercepts pointer events
retrying move and up action, attempt #6
  waiting 500ms
  waiting for element to be visible and stable
  element is visible and stable
  scrolling into view if needed
  done scrolling
  <div id="sidebar" class="widget-area" role="complemen…>…</div> intercepts pointer events
retrying move and up action, attempt #7
  waiting 500ms
  waiting for element to be visible and stable
  element is visible and stable
  scrolling into view if needed
  done scrolling
  <html lang="en-US" class="js multiplebgs boxshadow css…>…</html> intercepts pointer events
retrying move and up action, attempt #8
  waiting 500ms
  waiting for element to be visible and stable
  element is visible and stable
  scrolling into view if needed
  done scrolling
  <div id="sidebar" class="widget-area" role="complemen…>…</div> intercepts pointer events
retrying move and up action, attempt #9
  waiting 500ms
  waiting for element to be visible and stable
  element is visible and stable
  scrolling into view if needed
  done scrolling
  <div id="sidebar" class="widget-area" role="complemen…>…</div> intercepts pointer events
retrying move and up action, attempt #10
  waiting 500ms
  waiting for element to be visible and stable
  element is visible and stable
  scrolling into view if needed
  done scrolling
  <div id="sidebar" class="widget-area" role="complemen…>…</div> intercepts pointer events
retrying move and up action, attempt #11
  waiting 500ms
  waiting for element to be visible and stable
  element is visible and stable
  scrolling into view if needed
  done scrolling
  <html lang="en-US" class="js multiplebgs boxshadow css…>…</html> intercepts pointer events
retrying move and up action, attempt #12
  waiting 500ms
  waiting for element to be visible and stable
  element is visible and stable
  scrolling into view if needed
  done scrolling
  <div class="content-right twelve columns">…</div> intercepts pointer events
retrying move and up action, attempt #13
  waiting 500ms
  waiting for element to be visible and stable
  element is visible and stable
  scrolling into view if needed
  done scrolling
  <div class="content-right twelve columns">…</div> intercepts pointer events
retrying move and up action, attempt #14
  waiting 500ms
  waiting for element to be visible and stable
  element is visible and stable
  scrolling into view if needed
  done scrolling
  <h1 class="entry-title">Draggable</h1> intercepts pointer events
retrying move and up action, attempt #15
  waiting 500ms
  waiting for element to be visible and stable
  element is visible and stable
  scrolling into view if needed
  done scrolling
  <html lang="en-US" class="js multiplebgs boxshadow css…>…</html> intercepts pointer events
retrying move and up action, attempt #16
  waiting 500ms
  waiting for element to be visible and stable
  element is visible and stable
  scrolling into view if needed
  done scrolling
  <html lang="en">…</html> intercepts pointer events
retrying move and up action, attempt #17
  waiting 500ms
  waiting for element to be visible and stable
  element is visible and stable
  scrolling into view if needed
  done scrolling
  <html lang="en">…</html> intercepts pointer events
retrying move and up action, attempt #18
  waiting 500ms
  waiting for element to be visible and stable
  element is visible and stable
  scrolling into view if needed
  done scrolling
  <html lang="en">…</html> intercepts pointer events
retrying move and up action, attempt #19
  waiting 500ms
  waiting for element to be visible and stable
  element is visible and stable
  scrolling into view if needed
  done scrolling
  <html lang="en-US" class="js multiplebgs boxshadow css…>…</html> intercepts pointer events
retrying move and up action, attempt #20
  waiting 500ms
  waiting for element to be visible and stable
  element is visible and stable
  scrolling into view if needed
  done scrolling
  <html lang="en">…</html> intercepts pointer events
retrying move and up action, attempt #21
  waiting 500ms
  waiting for element to be visible and stable
  element is visible and stable
  scrolling into view if needed
  done scrolling
  <html lang="en">…</html> intercepts pointer events
retrying move and up action, attempt #22
  waiting 500ms
  waiting for element to be visible and stable
  element is visible and stable
  scrolling into view if needed
  done scrolling
  <html lang="en">…</html> intercepts pointer events
retrying move and up action, attempt #23
  waiting 500ms
  waiting for element to be visible and stable
  element is visible and stable
  scrolling into view if needed
  done scrolling
  <html lang="en-US" class="js multiplebgs boxshadow css…>…</html> intercepts pointer events
retrying move and up action, attempt #24
  waiting 500ms
============================================================
  name='Error
  stack='Error: Target closed
=========================== logs ===========================
  waiting for frame ".demo-frame"
  selector resolved to visible <iframe class="demo-frame" src="/resources/demos/draggab…></iframe>
waiting for selector ".demo-frame >> internal:control=enter-frame >> #draggable"
  selector resolved to visible <div id="draggable" class="ui-widget-content ui-dragg…>…</div>
attempting move and down action
  waiting for element to be visible and stable
  element is visible and stable
  scrolling into view if needed
  done scrolling
  performing move and down action
  move and down action done
  waiting for scheduled navigations to finish
  navigations have finished
  waiting for frame ".demo-frame"
  selector resolved to visible <iframe class="demo-frame" src="/resources/demos/draggab…></iframe>
waiting for selector ".demo-frame >> internal:control=enter-frame >> #draggable"
  selector resolved to visible <div id="draggable" class="ui-widget-content ui-dragg…>…</div>
attempting move and up action
  waiting for element to be visible and stable
  element is visible and stable
  scrolling into view if needed
  done scrolling
  <div id="sidebar" class="widget-area" role="complemen…>…</div> intercepts pointer events
retrying move and up action, attempt #1
  waiting for element to be visible and stable
  element is visible and stable
  scrolling into view if needed
  done scrolling
  <div id="sidebar" class="widget-area" role="complemen…>…</div> intercepts pointer events
retrying move and up action, attempt #2
  waiting 20ms
  waiting for element to be visible and stable
  element is visible and stable
  scrolling into view if needed
  done scrolling
  <div id="sidebar" class="widget-area" role="complemen…>…</div> intercepts pointer events
retrying move and up action, attempt #3
  waiting 100ms
  waiting for element to be visible and stable
  element is visible and stable
  scrolling into view if needed
  done scrolling
  <html lang="en-US" class="js multiplebgs boxshadow css…>…</html> intercepts pointer events
retrying move and up action, attempt #4
  waiting 100ms
  waiting for element to be visible and stable
  element is visible and stable
  scrolling into view if needed
  done scrolling
  <div id="sidebar" class="widget-area" role="complemen…>…</div> intercepts pointer events
retrying move and up action, attempt #5
  waiting 500ms
  waiting for element to be visible and stable
  element is visible and stable
  scrolling into view if needed
  done scrolling
  <div id="sidebar" class="widget-area" role="complemen…>…</div> intercepts pointer events
retrying move and up action, attempt #6
  waiting 500ms
  waiting for element to be visible and stable
  element is visible and stable
  scrolling into view if needed
  done scrolling
  <div id="sidebar" class="widget-area" role="complemen…>…</div> intercepts pointer events
retrying move and up action, attempt #7
  waiting 500ms
  waiting for element to be visible and stable
  element is visible and stable
  scrolling into view if needed
  done scrolling
  <html lang="en-US" class="js multiplebgs boxshadow css…>…</html> intercepts pointer events
retrying move and up action, attempt #8
  waiting 500ms
  waiting for element to be visible and stable
  element is visible and stable
  scrolling into view if needed
  done scrolling
  <div id="sidebar" class="widget-area" role="complemen…>…</div> intercepts pointer events
retrying move and up action, attempt #9
  waiting 500ms
  waiting for element to be visible and stable
  element is visible and stable
  scrolling into view if needed
  done scrolling
  <div id="sidebar" class="widget-area" role="complemen…>…</div> intercepts pointer events
retrying move and up action, attempt #10
  waiting 500ms
  waiting for element to be visible and stable
  element is visible and stable
  scrolling into view if needed
  done scrolling
  <div id="sidebar" class="widget-area" role="complemen…>…</div> intercepts pointer events
retrying move and up action, attempt #11
  waiting 500ms
  waiting for element to be visible and stable
  element is visible and stable
  scrolling into view if needed
  done scrolling
  <html lang="en-US" class="js multiplebgs boxshadow css…>…</html> intercepts pointer events
retrying move and up action, attempt #12
  waiting 500ms
  waiting for element to be visible and stable
  element is visible and stable
  scrolling into view if needed
  done scrolling
  <div class="content-right twelve columns">…</div> intercepts pointer events
retrying move and up action, attempt #13
  waiting 500ms
  waiting for element to be visible and stable
  element is visible and stable
  scrolling into view if needed
  done scrolling
  <div class="content-right twelve columns">…</div> intercepts pointer events
retrying move and up action, attempt #14
  waiting 500ms
  waiting for element to be visible and stable
  element is visible and stable
  scrolling into view if needed
  done scrolling
  <h1 class="entry-title">Draggable</h1> intercepts pointer events
retrying move and up action, attempt #15
  waiting 500ms
  waiting for element to be visible and stable
  element is visible and stable
  scrolling into view if needed
  done scrolling
  <html lang="en-US" class="js multiplebgs boxshadow css…>…</html> intercepts pointer events
retrying move and up action, attempt #16
  waiting 500ms
  waiting for element to be visible and stable
  element is visible and stable
  scrolling into view if needed
  done scrolling
  <html lang="en">…</html> intercepts pointer events
retrying move and up action, attempt #17
  waiting 500ms
  waiting for element to be visible and stable
  element is visible and stable
  scrolling into view if needed
  done scrolling
  <html lang="en">…</html> intercepts pointer events
retrying move and up action, attempt #18
  waiting 500ms
  waiting for element to be visible and stable
  element is visible and stable
  scrolling into view if needed
  done scrolling
  <html lang="en">…</html> intercepts pointer events
retrying move and up action, attempt #19
  waiting 500ms
  waiting for element to be visible and stable
  element is visible and stable
  scrolling into view if needed
  done scrolling
  <html lang="en-US" class="js multiplebgs boxshadow css…>…</html> intercepts pointer events
retrying move and up action, attempt #20
  waiting 500ms
  waiting for element to be visible and stable
  element is visible and stable
  scrolling into view if needed
  done scrolling
  <html lang="en">…</html> intercepts pointer events
retrying move and up action, attempt #21
  waiting 500ms
  waiting for element to be visible and stable
  element is visible and stable
  scrolling into view if needed
  done scrolling
  <html lang="en">…</html> intercepts pointer events
retrying move and up action, attempt #22
  waiting 500ms
  waiting for element to be visible and stable
  element is visible and stable
  scrolling into view if needed
  done scrolling
  <html lang="en">…</html> intercepts pointer events
retrying move and up action, attempt #23
  waiting 500ms
  waiting for element to be visible and stable
  element is visible and stable
  scrolling into view if needed
  done scrolling
  <html lang="en-US" class="js multiplebgs boxshadow css…>…</html> intercepts pointer events
retrying move and up action, attempt #24
  waiting 500ms
============================================================
    at /private/var/folders/3v/659ctxy95kg4r6ddlr1y64gr0000gq/T/playwright-java-6272352182355974430/package/lib/server/chromium/crConnection.js:206:16
    at new Promise (<anonymous>)
    at CRSession.send (/private/var/folders/3v/659ctxy95kg4r6ddlr1y64gr0000gq/T/playwright-java-6272352182355974430/package/lib/server/chromium/crConnection.js:202:12)
    at CRExecutionContext.evaluateWithArguments (/private/var/folders/3v/659ctxy95kg4r6ddlr1y64gr0000gq/T/playwright-java-6272352182355974430/package/lib/server/chromium/crExecutionContext.js:89:28)
    at FrameExecutionContext.evaluateWithArguments (/private/var/folders/3v/659ctxy95kg4r6ddlr1y64gr0000gq/T/playwright-java-6272352182355974430/package/lib/server/javascript.js:73:61)
    at evaluateExpression (/private/var/folders/3v/659ctxy95kg4r6ddlr1y64gr0000gq/T/playwright-java-6272352182355974430/package/lib/server/javascript.js:264:26)
    at async ElementHandle.evaluateInUtility (/private/var/folders/3v/659ctxy95kg4r6ddlr1y64gr0000gq/T/playwright-java-6272352182355974430/package/lib/server/dom.js:170:14)
    at async ElementHandle._retryPointerAction (/private/var/folders/3v/659ctxy95kg4r6ddlr1y64gr0000gq/T/playwright-java-6272352182355974430/package/lib/server/dom.js:414:26)
    at async /private/var/folders/3v/659ctxy95kg4r6ddlr1y64gr0000gq/T/playwright-java-6272352182355974430/package/lib/server/frames.js:1166:24
    at async Frame.retryWithProgress (/private/var/folders/3v/659ctxy95kg4r6ddlr1y64gr0000gq/T/playwright-java-6272352182355974430/package/lib/server/frames.js:1126:24)
}
at com.microsoft.playwright.impl.Connection.dispatch(Connection.java:195)
at com.microsoft.playwright.impl.Connection.processOneMessage(Connection.java:175)
at com.microsoft.playwright.impl.ChannelOwner.runUntil(ChannelOwner.java:109)
... 39 more
]]>
    </error>
  </testcase> <!-- dragAndDrop -->
  <system-out/>
</testsuite> <!-- week3.day1.LearnDragAndDrop -->
