<?xml version="1.0" encoding="UTF-8"?>
<!-- Generated by org.testng.reporters.JUnitReportReporter -->
<testsuite skipped="0" hostname="FWS-CHE-LT-5617" name="week1.day2.DropDown" tests="1" failures="0" timestamp="2023-01-19T07:22:08 IST" time="14.425" errors="0">
  <testcase name="dropdown" time="14.425" classname="week1.day2.DropDown"/>
  <system-out/>
</testsuite> <!-- week1.day2.DropDown -->
