<?xml version="1.0" encoding="UTF-8"?>
<!-- Generated by org.testng.reporters.JUnitReportReporter -->
<testsuite skipped="0" hostname="FWS-CHE-LT-5617" name="week2.day2.Snapshot" tests="1" failures="0" timestamp="2023-01-22T09:58:55 IST" time="16.368" errors="0">
  <testcase name="browser_actions" time="16.368" classname="week2.day2.Snapshot"/>
  <system-out/>
</testsuite> <!-- week2.day2.Snapshot -->
