<?xml version="1.0" encoding="UTF-8"?>
<!-- Generated by org.testng.reporters.JUnitReportReporter -->
<testsuite skipped="0" hostname="FWS-CHE-LT-5617" name="week3.day1.Screenshot" tests="1" failures="0" timestamp="2023-01-29T07:38:43 IST" time="22.560" errors="0">
  <testcase name="screenshot" time="22.560" classname="week3.day1.Screenshot"/>
  <system-out/>
</testsuite> <!-- week3.day1.Screenshot -->
