<?xml version="1.0" encoding="UTF-8"?>
<!-- Generated by org.testng.reporters.JUnitReportReporter -->
<testsuite skipped="0" hostname="FWS-CHE-LT-5617" name="week3.day1.NetworkRequests" tests="1" failures="0" timestamp="2023-01-29T07:04:57 IST" time="66.969" errors="0">
  <testcase name="learn_networkrequests" time="66.969" classname="week3.day1.NetworkRequests"/>
  <system-out/>
</testsuite> <!-- week3.day1.NetworkRequests -->
