<?xml version="1.0" encoding="UTF-8"?>
<!-- Generated by org.testng.reporters.JUnitReportReporter -->
<testsuite skipped="0" hostname="FWS-CHE-LT-5617" name="week1.day2.DeleteLead" tests="1" failures="0" timestamp="2023-01-16T14:35:02 IST" time="49.986" errors="0">
  <testcase name="deleteLead" time="49.986" classname="week1.day2.DeleteLead"/>
  <system-out/>
</testsuite> <!-- week1.day2.DeleteLead -->
