<?xml version="1.0" encoding="UTF-8"?>
<!-- Generated by org.testng.reporters.JUnitReportReporter -->
<testsuite skipped="0" hostname="FWS-CHE-LT-5617" name="week2.day1.AutoLogin" tests="1" failures="0" timestamp="2023-01-21T12:00:34 IST" time="21.320" errors="0">
  <testcase name="browser_actions" time="21.320" classname="week2.day1.AutoLogin"/>
  <system-out/>
</testsuite> <!-- week2.day1.AutoLogin -->
